<?xml version="1.0" encoding="UTF-8"?>
<!-- Generated by org.testng.reporters.JUnitXMLReporter -->
<testsuite hostname="Veedu" name="GitHubTest" tests="6" failures="0" timestamp="23 Aug 2016 06:31:05 GMT" time="3.546" errors="0">
  <testcase name="testLoginId" time="0.017" classname="com.test.GitHubTest"/>
  <testcase name="testLoginName" time="0.007" classname="com.test.GitHubTest"/>
  <testcase name="testStatusCode" time="0.004" classname="com.test.GitHubTest"/>
  <testcase name="testIsLoginPresent" time="0.003" classname="com.test.GitHubUsersTest"/>
  <testcase name="testIsTypeOrganization" time="0.005" classname="com.test.GitHubUsersTest"/>
  <testcase name="testStatusCode" time="0.001" classname="com.test.GitHubUsersTest"/>
</testsuite> <!-- GitHubTest -->
