<?xml version="1.0" encoding="UTF-8"?>
<!-- Generated by org.testng.reporters.JUnitXMLReporter -->
<testsuite hostname="Veedu" name="GitHubTest" tests="6" failures="0" timestamp="23 Aug 2016 18:40:38 GMT" time="3.797" errors="0">
  <testcase name="testLoginId" time="0.019" classname="com.test.GitHubTest"/>
  <testcase name="testLoginName" time="0.005" classname="com.test.GitHubTest"/>
  <testcase name="testStatusCode" time="0.014" classname="com.test.GitHubTest"/>
  <testcase name="testIsLoginPresent" time="0.006" classname="com.test.GitHubUsersTest"/>
  <testcase name="testIsTypeOrganization" time="0.002" classname="com.test.GitHubUsersTest"/>
  <testcase name="testStatusCode" time="0.001" classname="com.test.GitHubUsersTest"/>
</testsuite> <!-- GitHubTest -->
